0 info it worked if it ends with ok
1 verbose cli [ 'F:\\atomicApe\\cygwin\\bin\\node.exe',
1 verbose cli   'F:\\atomicApe\\cygwin\\bin\\node_modules\\npm\\bin\\npm-cli.js',
1 verbose cli   'install' ]
2 info using npm@3.7.1
3 info using node@v4.3.0
4 silly loadCurrentTree Starting
5 silly install loadCurrentTree
6 silly install readLocalPackageData
7 silly install normalizeTree
8 silly loadCurrentTree Finishing
9 silly loadIdealTree Starting
10 silly install loadIdealTree
11 silly cloneCurrentTree Starting
12 silly install cloneCurrentTreeToIdealTree
13 silly cloneCurrentTree Finishing
14 silly loadShrinkwrap Starting
15 silly install loadShrinkwrap
16 silly loadShrinkwrap Finishing
17 silly loadAllDepsIntoIdealTree Starting
18 silly install loadAllDepsIntoIdealTree
19 silly fetchNamedPackageData async
20 silly mapToRegistry name async
21 silly mapToRegistry using default registry
22 silly mapToRegistry registry https://registry.npmjs.org/
23 silly mapToRegistry uri https://registry.npmjs.org/async
24 verbose request uri https://registry.npmjs.org/async
25 verbose request no auth needed
26 info attempt registry request try #1 at 1:02:55 PM
27 verbose request using bearer token for auth
28 verbose request id 70729fcb23b09281
29 verbose etag "NANROEJISM1AKQOFRNU4LQZY"
30 http request GET https://registry.npmjs.org/async
31 http 304 https://registry.npmjs.org/async
32 verbose headers { 'cache-control': 'max-age=300',
32 verbose headers   'accept-ranges': 'bytes',
32 verbose headers   date: 'Fri, 12 Feb 2016 18:02:55 GMT',
32 verbose headers   via: '1.1 varnish',
32 verbose headers   connection: 'keep-alive',
32 verbose headers   'x-served-by': 'cache-jfk1041-JFK',
32 verbose headers   'x-cache': 'MISS',
32 verbose headers   'x-cache-hits': '0',
32 verbose headers   'x-timer': 'S1455300175.396327,VS0,VE376' }
33 silly get cb [ 304,
33 silly get   { 'cache-control': 'max-age=300',
33 silly get     'accept-ranges': 'bytes',
33 silly get     date: 'Fri, 12 Feb 2016 18:02:55 GMT',
33 silly get     via: '1.1 varnish',
33 silly get     connection: 'keep-alive',
33 silly get     'x-served-by': 'cache-jfk1041-JFK',
33 silly get     'x-cache': 'MISS',
33 silly get     'x-cache-hits': '0',
33 silly get     'x-timer': 'S1455300175.396327,VS0,VE376' } ]
34 verbose etag https://registry.npmjs.org/async from cache
35 verbose get saving async to F:\tmp\npm-cache\registry.npmjs.org\async\.cache.json
36 verbose correctMkdir F:\tmp\npm-cache correctMkdir not in flight; initializing
37 silly resolveWithNewModule async@0.9.2 checking installable status
38 silly cache add args [ 'async@^0.9.0', null ]
39 verbose cache add spec async@^0.9.0
40 silly cache add parsed spec Result {
40 silly cache add   raw: 'async@^0.9.0',
40 silly cache add   scope: null,
40 silly cache add   name: 'async',
40 silly cache add   rawSpec: '^0.9.0',
40 silly cache add   spec: '>=0.9.0 <0.10.0',
40 silly cache add   type: 'range' }
41 silly addNamed async@>=0.9.0 <0.10.0
42 verbose addNamed ">=0.9.0 <0.10.0" is a valid semver range for async
43 silly addNameRange { name: 'async', range: '>=0.9.0 <0.10.0', hasData: false }
44 silly mapToRegistry name async
45 silly mapToRegistry using default registry
46 silly mapToRegistry registry https://registry.npmjs.org/
47 silly mapToRegistry uri https://registry.npmjs.org/async
48 verbose addNameRange registry:https://registry.npmjs.org/async not in flight; fetching
49 verbose get https://registry.npmjs.org/async not expired, no request
50 silly addNameRange number 2 { name: 'async', range: '>=0.9.0 <0.10.0', hasData: true }
51 silly addNameRange versions [ 'async',
51 silly addNameRange   [ '0.1.0',
51 silly addNameRange     '0.1.1',
51 silly addNameRange     '0.1.2',
51 silly addNameRange     '0.1.3',
51 silly addNameRange     '0.1.4',
51 silly addNameRange     '0.1.5',
51 silly addNameRange     '0.1.6',
51 silly addNameRange     '0.1.7',
51 silly addNameRange     '0.1.8',
51 silly addNameRange     '0.1.9',
51 silly addNameRange     '0.1.10',
51 silly addNameRange     '0.1.11',
51 silly addNameRange     '0.1.12',
51 silly addNameRange     '0.1.13',
51 silly addNameRange     '0.1.14',
51 silly addNameRange     '0.1.15',
51 silly addNameRange     '0.1.16',
51 silly addNameRange     '0.1.17',
51 silly addNameRange     '0.1.18',
51 silly addNameRange     '0.1.19',
51 silly addNameRange     '0.1.20',
51 silly addNameRange     '0.1.21',
51 silly addNameRange     '0.1.22',
51 silly addNameRange     '0.2.0',
51 silly addNameRange     '0.2.1',
51 silly addNameRange     '0.2.2',
51 silly addNameRange     '0.2.3',
51 silly addNameRange     '0.2.4',
51 silly addNameRange     '0.2.5',
51 silly addNameRange     '0.2.6',
51 silly addNameRange     '0.2.7',
51 silly addNameRange     '0.2.8',
51 silly addNameRange     '0.2.9',
51 silly addNameRange     '0.2.10',
51 silly addNameRange     '0.3.0',
51 silly addNameRange     '0.4.0',
51 silly addNameRange     '0.4.1',
51 silly addNameRange     '0.5.0',
51 silly addNameRange     '0.6.0',
51 silly addNameRange     '0.6.1',
51 silly addNameRange     '0.6.2',
51 silly addNameRange     '0.7.0',
51 silly addNameRange     '0.8.0',
51 silly addNameRange     '0.9.0',
51 silly addNameRange     '0.9.2',
51 silly addNameRange     '1.0.0',
51 silly addNameRange     '1.1.0',
51 silly addNameRange     '1.2.0',
51 silly addNameRange     '1.1.1',
51 silly addNameRange     '1.2.1',
51 silly addNameRange     '1.3.0',
51 silly addNameRange     '1.4.0',
51 silly addNameRange     '1.4.1',
51 silly addNameRange     '1.4.2',
51 silly addNameRange     '1.5.0',
51 silly addNameRange     '1.5.1',
51 silly addNameRange     '1.5.2' ] ]
52 silly addNamed async@0.9.2
53 verbose addNamed "0.9.2" is a plain semver version for async
54 silly mapToRegistry name async
55 silly mapToRegistry using default registry
56 silly mapToRegistry registry https://registry.npmjs.org/
57 silly mapToRegistry uri https://registry.npmjs.org/async
58 verbose addRemoteTarball https://registry.npmjs.org/async/-/async-0.9.2.tgz not in flight; adding
59 verbose addRemoteTarball [ 'https://registry.npmjs.org/async/-/async-0.9.2.tgz',
59 verbose addRemoteTarball   'aea74d5e61c1f899613bf64bda66d4c78f2fd17d' ]
60 info retry fetch attempt 1 at 1:02:56 PM
61 info attempt registry request try #1 at 1:02:56 PM
62 http fetch GET https://registry.npmjs.org/async/-/async-0.9.2.tgz
63 verbose request using bearer token for auth
64 http fetch 200 https://registry.npmjs.org/async/-/async-0.9.2.tgz
65 silly fetchAndShaCheck shasum aea74d5e61c1f899613bf64bda66d4c78f2fd17d
66 verbose addTmpTarball F:\atomicApe\cygwin\tmp\npm-14464-cf4b8ee1\registry.npmjs.org\async\-\async-0.9.2.tgz not in flight; adding
67 verbose addTmpTarball already have metadata; skipping unpack for async@0.9.2
68 verbose correctMkdir F:\tmp\npm-cache correctMkdir not in flight; initializing
69 silly cache afterAdd async@0.9.2
70 verbose afterAdd F:\tmp\npm-cache\async\0.9.2\package\package.json not in flight; writing
71 verbose correctMkdir F:\tmp\npm-cache correctMkdir not in flight; initializing
72 verbose afterAdd F:\tmp\npm-cache\async\0.9.2\package\package.json written
73 silly loadAllDepsIntoIdealTree Finishing
74 silly idealTree:prePrune dwarvensmithy@0.0.1
74 silly idealTree:prePrune +-- abbrev@1.0.7
74 silly idealTree:prePrune +-- ansi-regex@0.2.1
74 silly idealTree:prePrune +-- ansi-styles@1.1.0
74 silly idealTree:prePrune +-- argparse@0.1.16
74 silly idealTree:prePrune | +-- underscore.string@2.4.0
74 silly idealTree:prePrune | `-- underscore@1.7.0
74 silly idealTree:prePrune +-- async@1.5.2
74 silly idealTree:prePrune +-- chalk@0.5.1
74 silly idealTree:prePrune +-- coffee-script@1.10.0
74 silly idealTree:prePrune +-- colors@0.6.2
74 silly idealTree:prePrune +-- d3@3.5.6
74 silly idealTree:prePrune +-- dagre-d3@0.4.10
74 silly idealTree:prePrune | `-- lodash@3.10.1
74 silly idealTree:prePrune +-- dagre@0.7.4
74 silly idealTree:prePrune | `-- lodash@3.10.1
74 silly idealTree:prePrune +-- dateformat@1.0.2-1.2.3
74 silly idealTree:prePrune +-- escape-string-regexp@1.0.4
74 silly idealTree:prePrune +-- esprima@1.0.4
74 silly idealTree:prePrune +-- eventemitter2@0.4.14
74 silly idealTree:prePrune +-- exit@0.1.2
74 silly idealTree:prePrune +-- findup-sync@0.1.3
74 silly idealTree:prePrune | +-- glob@3.2.11
74 silly idealTree:prePrune | +-- lodash@2.4.2
74 silly idealTree:prePrune | `-- minimatch@0.3.0
74 silly idealTree:prePrune +-- getobject@0.1.0
74 silly idealTree:prePrune +-- glob@3.1.21
74 silly idealTree:prePrune | `-- inherits@1.0.2
74 silly idealTree:prePrune +-- graceful-fs@1.2.3
74 silly idealTree:prePrune +-- graphlib@1.0.7
74 silly idealTree:prePrune | `-- lodash@3.10.1
74 silly idealTree:prePrune +-- grunt-exec@0.4.6
74 silly idealTree:prePrune +-- grunt-legacy-log-utils@0.1.1
74 silly idealTree:prePrune | +-- lodash@2.4.2
74 silly idealTree:prePrune | `-- underscore.string@2.3.3
74 silly idealTree:prePrune +-- grunt-legacy-log@0.1.3
74 silly idealTree:prePrune | +-- lodash@2.4.2
74 silly idealTree:prePrune | `-- underscore.string@2.3.3
74 silly idealTree:prePrune +-- grunt-legacy-util@0.2.0
74 silly idealTree:prePrune | `-- async@0.1.22
74 silly idealTree:prePrune +-- grunt@0.4.5
74 silly idealTree:prePrune | +-- async@0.1.22
74 silly idealTree:prePrune | `-- coffee-script@1.3.3
74 silly idealTree:prePrune +-- has-ansi@0.1.0
74 silly idealTree:prePrune +-- he@0.5.0
74 silly idealTree:prePrune +-- hooker@0.2.3
74 silly idealTree:prePrune +-- iconv-lite@0.2.11
74 silly idealTree:prePrune +-- inherits@2.0.1
74 silly idealTree:prePrune +-- js-yaml@2.0.5
74 silly idealTree:prePrune +-- lodash@0.9.2
74 silly idealTree:prePrune +-- lru-cache@2.7.3
74 silly idealTree:prePrune +-- mermaid@0.5.8
74 silly idealTree:prePrune | `-- moment@2.11.2
74 silly idealTree:prePrune +-- minimatch@0.2.14
74 silly idealTree:prePrune +-- minimist@1.2.0
74 silly idealTree:prePrune +-- mkdirp@0.5.1
74 silly idealTree:prePrune | `-- minimist@0.0.8
74 silly idealTree:prePrune +-- moment@2.3.1
74 silly idealTree:prePrune +-- nopt@1.0.10
74 silly idealTree:prePrune +-- pdc@0.2.2
74 silly idealTree:prePrune +-- rimraf@2.2.8
74 silly idealTree:prePrune +-- semver@4.3.6
74 silly idealTree:prePrune +-- sigmund@1.0.1
74 silly idealTree:prePrune +-- strip-ansi@0.3.0
74 silly idealTree:prePrune +-- supports-color@0.2.0
74 silly idealTree:prePrune +-- typogr@0.5.2
74 silly idealTree:prePrune +-- underscore.string@2.2.1
74 silly idealTree:prePrune +-- underscore@1.4.4
74 silly idealTree:prePrune +-- which@1.0.9
74 silly idealTree:prePrune +-- wintersmith-pandoc-extra@0.1.0
74 silly idealTree:prePrune | `-- async@0.9.2
74 silly idealTree:prePrune `-- wintersmith-pandoc@0.2.3
74 silly idealTree:prePrune   `-- async@0.9.2
75 silly loadIdealTree Finishing
76 silly currentTree dwarvensmithy@0.0.1
76 silly currentTree +-- abbrev@1.0.7
76 silly currentTree +-- ansi-regex@0.2.1
76 silly currentTree +-- ansi-styles@1.1.0
76 silly currentTree +-- argparse@0.1.16
76 silly currentTree | +-- underscore.string@2.4.0
76 silly currentTree | `-- underscore@1.7.0
76 silly currentTree +-- async@1.5.2
76 silly currentTree +-- chalk@0.5.1
76 silly currentTree +-- coffee-script@1.10.0
76 silly currentTree +-- colors@0.6.2
76 silly currentTree +-- d3@3.5.6
76 silly currentTree +-- dagre-d3@0.4.10
76 silly currentTree | `-- lodash@3.10.1
76 silly currentTree +-- dagre@0.7.4
76 silly currentTree | `-- lodash@3.10.1
76 silly currentTree +-- dateformat@1.0.2-1.2.3
76 silly currentTree +-- escape-string-regexp@1.0.4
76 silly currentTree +-- esprima@1.0.4
76 silly currentTree +-- eventemitter2@0.4.14
76 silly currentTree +-- exit@0.1.2
76 silly currentTree +-- findup-sync@0.1.3
76 silly currentTree | +-- glob@3.2.11
76 silly currentTree | +-- lodash@2.4.2
76 silly currentTree | `-- minimatch@0.3.0
76 silly currentTree +-- getobject@0.1.0
76 silly currentTree +-- glob@3.1.21
76 silly currentTree | `-- inherits@1.0.2
76 silly currentTree +-- graceful-fs@1.2.3
76 silly currentTree +-- graphlib@1.0.7
76 silly currentTree | `-- lodash@3.10.1
76 silly currentTree +-- grunt-exec@0.4.6
76 silly currentTree +-- grunt-legacy-log-utils@0.1.1
76 silly currentTree | +-- lodash@2.4.2
76 silly currentTree | `-- underscore.string@2.3.3
76 silly currentTree +-- grunt-legacy-log@0.1.3
76 silly currentTree | +-- lodash@2.4.2
76 silly currentTree | `-- underscore.string@2.3.3
76 silly currentTree +-- grunt-legacy-util@0.2.0
76 silly currentTree | `-- async@0.1.22
76 silly currentTree +-- grunt@0.4.5
76 silly currentTree | +-- async@0.1.22
76 silly currentTree | `-- coffee-script@1.3.3
76 silly currentTree +-- has-ansi@0.1.0
76 silly currentTree +-- he@0.5.0
76 silly currentTree +-- hooker@0.2.3
76 silly currentTree +-- iconv-lite@0.2.11
76 silly currentTree +-- inherits@2.0.1
76 silly currentTree +-- js-yaml@2.0.5
76 silly currentTree +-- lodash@0.9.2
76 silly currentTree +-- lru-cache@2.7.3
76 silly currentTree +-- mermaid@0.5.8
76 silly currentTree | `-- moment@2.11.2
76 silly currentTree +-- minimatch@0.2.14
76 silly currentTree +-- minimist@1.2.0
76 silly currentTree +-- mkdirp@0.5.1
76 silly currentTree | `-- minimist@0.0.8
76 silly currentTree +-- moment@2.3.1
76 silly currentTree +-- nopt@1.0.10
76 silly currentTree +-- pdc@0.2.2
76 silly currentTree +-- rimraf@2.2.8
76 silly currentTree +-- semver@4.3.6
76 silly currentTree +-- sigmund@1.0.1
76 silly currentTree +-- strip-ansi@0.3.0
76 silly currentTree +-- supports-color@0.2.0
76 silly currentTree +-- typogr@0.5.2
76 silly currentTree +-- underscore.string@2.2.1
76 silly currentTree +-- underscore@1.4.4
76 silly currentTree +-- which@1.0.9
76 silly currentTree +-- wintersmith-pandoc-extra@0.1.0
76 silly currentTree `-- wintersmith-pandoc@0.2.3
76 silly currentTree   `-- async@0.9.2
77 silly idealTree dwarvensmithy@0.0.1
77 silly idealTree +-- abbrev@1.0.7
77 silly idealTree +-- ansi-regex@0.2.1
77 silly idealTree +-- ansi-styles@1.1.0
77 silly idealTree +-- argparse@0.1.16
77 silly idealTree | +-- underscore.string@2.4.0
77 silly idealTree | `-- underscore@1.7.0
77 silly idealTree +-- async@1.5.2
77 silly idealTree +-- chalk@0.5.1
77 silly idealTree +-- coffee-script@1.10.0
77 silly idealTree +-- colors@0.6.2
77 silly idealTree +-- d3@3.5.6
77 silly idealTree +-- dagre-d3@0.4.10
77 silly idealTree | `-- lodash@3.10.1
77 silly idealTree +-- dagre@0.7.4
77 silly idealTree | `-- lodash@3.10.1
77 silly idealTree +-- dateformat@1.0.2-1.2.3
77 silly idealTree +-- escape-string-regexp@1.0.4
77 silly idealTree +-- esprima@1.0.4
77 silly idealTree +-- eventemitter2@0.4.14
77 silly idealTree +-- exit@0.1.2
77 silly idealTree +-- findup-sync@0.1.3
77 silly idealTree | +-- glob@3.2.11
77 silly idealTree | +-- lodash@2.4.2
77 silly idealTree | `-- minimatch@0.3.0
77 silly idealTree +-- getobject@0.1.0
77 silly idealTree +-- glob@3.1.21
77 silly idealTree | `-- inherits@1.0.2
77 silly idealTree +-- graceful-fs@1.2.3
77 silly idealTree +-- graphlib@1.0.7
77 silly idealTree | `-- lodash@3.10.1
77 silly idealTree +-- grunt-exec@0.4.6
77 silly idealTree +-- grunt-legacy-log-utils@0.1.1
77 silly idealTree | +-- lodash@2.4.2
77 silly idealTree | `-- underscore.string@2.3.3
77 silly idealTree +-- grunt-legacy-log@0.1.3
77 silly idealTree | +-- lodash@2.4.2
77 silly idealTree | `-- underscore.string@2.3.3
77 silly idealTree +-- grunt-legacy-util@0.2.0
77 silly idealTree | `-- async@0.1.22
77 silly idealTree +-- grunt@0.4.5
77 silly idealTree | +-- async@0.1.22
77 silly idealTree | `-- coffee-script@1.3.3
77 silly idealTree +-- has-ansi@0.1.0
77 silly idealTree +-- he@0.5.0
77 silly idealTree +-- hooker@0.2.3
77 silly idealTree +-- iconv-lite@0.2.11
77 silly idealTree +-- inherits@2.0.1
77 silly idealTree +-- js-yaml@2.0.5
77 silly idealTree +-- lodash@0.9.2
77 silly idealTree +-- lru-cache@2.7.3
77 silly idealTree +-- mermaid@0.5.8
77 silly idealTree | `-- moment@2.11.2
77 silly idealTree +-- minimatch@0.2.14
77 silly idealTree +-- minimist@1.2.0
77 silly idealTree +-- mkdirp@0.5.1
77 silly idealTree | `-- minimist@0.0.8
77 silly idealTree +-- moment@2.3.1
77 silly idealTree +-- nopt@1.0.10
77 silly idealTree +-- pdc@0.2.2
77 silly idealTree +-- rimraf@2.2.8
77 silly idealTree +-- semver@4.3.6
77 silly idealTree +-- sigmund@1.0.1
77 silly idealTree +-- strip-ansi@0.3.0
77 silly idealTree +-- supports-color@0.2.0
77 silly idealTree +-- typogr@0.5.2
77 silly idealTree +-- underscore.string@2.2.1
77 silly idealTree +-- underscore@1.4.4
77 silly idealTree +-- which@1.0.9
77 silly idealTree +-- wintersmith-pandoc-extra@0.1.0
77 silly idealTree | `-- async@0.9.2
77 silly idealTree `-- wintersmith-pandoc@0.2.3
77 silly idealTree   `-- async@0.9.2
78 silly generateActionsToTake Starting
79 silly install generateActionsToTake
80 silly rollbackFailedOptional Starting
81 silly rollbackFailedOptional Finishing
82 silly runTopLevelLifecycles Starting
83 silly runTopLevelLifecycles Finishing
84 silly install printInstalled
85 verbose stack Error: F:\atomicApe\cygwin\home\bananas\workspace\dwarvensmithy\node_modules\wintersmith-pandoc-extra: Appears to be a git repo or submodule.
85 verbose stack     at F:\atomicApe\cygwin\bin\node_modules\npm\node_modules\npm-install-checks\index.js:137:15
85 verbose stack     at FSReqWrap.oncomplete (fs.js:82:15)
86 verbose cwd F:\atomicApe\cygwin\home\bananas\workspace\dwarvensmithy
87 error Windows_NT 10.0.10586
88 error argv "F:\\atomicApe\\cygwin\\bin\\node.exe" "F:\\atomicApe\\cygwin\\bin\\node_modules\\npm\\bin\\npm-cli.js" "install"
89 error node v4.3.0
90 error npm  v3.7.1
91 error path F:\atomicApe\cygwin\home\bananas\workspace\dwarvensmithy\node_modules\wintersmith-pandoc-extra
92 error code EISGIT
93 error git F:\atomicApe\cygwin\home\bananas\workspace\dwarvensmithy\node_modules\wintersmith-pandoc-extra: Appears to be a git repo or submodule.
94 error git F:\atomicApe\cygwin\home\bananas\workspace\dwarvensmithy\node_modules\wintersmith-pandoc-extra
95 error git Refusing to remove it. Update manually,
95 error git or move it out of the way first.
96 verbose exit [ 1, true ]
